<?xml version="1.0" encoding="UTF-8"?>
<!-- Generated by org.testng.reporters.JUnitReportReporter -->
<testsuite skipped="0" hostname="user" name="Testscript.BaseClass" tests="3" failures="0" timestamp="06 Jan 2019 19:04:24 GMT" time="62.718" errors="0">
  <testcase name="boarding_Testscript" time="14.548" classname="Testscript.BaseClass"/>
  <testcase name="homescreen_Testscript" time="31.817" classname="Testscript.BaseClass"/>
  <testcase name="Morepage_Testscript" time="16.353" classname="Testscript.BaseClass"/>
</testsuite> <!-- Testscript.BaseClass -->
